# JRE version: OpenJDK Runtime Environment Temurin-21.0.8+9 (21.0.8+9) (build 21.0.8+9-LTS)
# Java VM: OpenJDK 64-Bit Server VM Temurin-21.0.8+9 (21.0.8+9-LTS, mixed mode, sharing, tiered, compressed oops, compressed class ptrs, parallel gc, windows-amd64)
GC Precious Log:
 CardTable entry size: 512
 CPUs: 4 total, 4 available
 Memory: 7967M
 Large Page Support: Disabled
 NUMA Support: Disabled
 Compressed Oops: Enabled (32-bit)
 Alignments: Space 512K, Generation 512K, Heap 2M
 Heap Min Capacity: 100M
 Heap Initial Capacity: 100M
 Heap Max Capacity: 2G
 Pre-touch: Disabled
 Parallel Workers: 4
Heap:
 PSYoungGen      total 15360K, used 12501K [0x00000000d5580000, 0x00000000d6800000, 0x0000000100000000)
  eden space 14336K, 80% used [0x00000000d5580000,0x00000000d60b5968,0x00000000d6380000)
  from space 1024K, 99% used [0x00000000d6600000,0x00000000d66ffab8,0x00000000d6700000)
  to   space 512K, 0% used [0x00000000d6780000,0x00000000d6780000,0x00000000d6800000)
 ParOldGen       total 79872K, used 79702K [0x0000000080000000, 0x0000000084e00000, 0x00000000d5580000)
  object space 79872K, 99% used [0x0000000080000000,0x0000000084dd5860,0x0000000084e00000)
 Metaspace       used 63792K, committed 65280K, reserved 1114112K
  class space    used 6693K, committed 7296K, reserved 1048576K
GC Heap History (20 events):
Event: 43.301 GC heap before
{Heap before GC invocations=63 (full 3):
 PSYoungGen      total 15360K, used 15357K [0x00000000d5580000, 0x00000000d6780000, 0x0000000100000000)
  eden space 14336K, 100% used [0x00000000d5580000,0x00000000d6380000,0x00000000d6380000)
  from space 1024K, 99% used [0x00000000d6380000,0x00000000d647f4e8,0x00000000d6480000)
  to   space 2048K, 0% used [0x00000000d6580000,0x00000000d6580000,0x00000000d6780000)
 ParOldGen       total 68608K, used 65043K [0x0000000080000000, 0x0000000084300000, 0x00000000d5580000)
  object space 68608K, 94% used [0x0000000080000000,0x0000000083f84fa8,0x0000000084300000)
 Metaspace       used 61262K, committed 62720K, reserved 1114112K
  class space    used 6465K, committed 7104K, reserved 1048576K
}
Event: 43.303 GC heap after
{Heap after GC invocations=63 (full 3):
 PSYoungGen      total 14848K, used 448K [0x00000000d5580000, 0x00000000d6600000, 0x0000000100000000)
  eden space 14336K, 0% used [0x00000000d5580000,0x00000000d5580000,0x00000000d6380000)
  from space 512K, 87% used [0x00000000d6580000,0x00000000d65f0000,0x00000000d6600000)
  to   space 1024K, 0% used [0x00000000d6400000,0x00000000d6400000,0x00000000d6500000)
 ParOldGen       total 68608K, used 65894K [0x0000000080000000, 0x0000000084300000, 0x00000000d5580000)
  object space 68608K, 96% used [0x0000000080000000,0x0000000084059b70,0x0000000084300000)
 Metaspace       used 61262K, committed 62720K, reserved 1114112K
  class space    used 6465K, committed 7104K, reserved 1048576K
}
Event: 43.403 GC heap before
{Heap before GC invocations=64 (full 3):
 PSYoungGen      total 14848K, used 14784K [0x00000000d5580000, 0x00000000d6600000, 0x0000000100000000)
  eden space 14336K, 100% used [0x00000000d5580000,0x00000000d6380000,0x00000000d6380000)
  from space 512K, 87% used [0x00000000d6580000,0x00000000d65f0000,0x00000000d6600000)
  to   space 1024K, 0% used [0x00000000d6400000,0x00000000d6400000,0x00000000d6500000)
 ParOldGen       total 68608K, used 65894K [0x0000000080000000, 0x0000000084300000, 0x00000000d5580000)
  object space 68608K, 96% used [0x0000000080000000,0x0000000084059b70,0x0000000084300000)
 Metaspace       used 61626K, committed 63168K, reserved 1114112K
  class space    used 6498K, committed 7168K, reserved 1048576K
}
Event: 43.405 GC heap after
{Heap after GC invocations=64 (full 3):
 PSYoungGen      total 15360K, used 956K [0x00000000d5580000, 0x00000000d6680000, 0x0000000100000000)
  eden space 14336K, 0% used [0x00000000d5580000,0x00000000d5580000,0x00000000d6380000)
  from space 1024K, 93% used [0x00000000d6400000,0x00000000d64ef118,0x00000000d6500000)
  to   space 1536K, 0% used [0x00000000d6500000,0x00000000d6500000,0x00000000d6680000)
 ParOldGen       total 68608K, used 66244K [0x0000000080000000, 0x0000000084300000, 0x00000000d5580000)
  object space 68608K, 96% used [0x0000000080000000,0x00000000840b1298,0x0000000084300000)
 Metaspace       used 61626K, committed 63168K, reserved 1114112K
  class space    used 6498K, committed 7168K, reserved 1048576K
}
Event: 43.628 GC heap before
{Heap before GC invocations=65 (full 3):
 PSYoungGen      total 15360K, used 15292K [0x00000000d5580000, 0x00000000d6680000, 0x0000000100000000)
  eden space 14336K, 99% used [0x00000000d5580000,0x00000000d637ffa0,0x00000000d6380000)
  from space 1024K, 93% used [0x00000000d6400000,0x00000000d64ef118,0x00000000d6500000)
  to   space 1536K, 0% used [0x00000000d6500000,0x00000000d6500000,0x00000000d6680000)
 ParOldGen       total 68608K, used 66244K [0x0000000080000000, 0x0000000084300000, 0x00000000d5580000)
  object space 68608K, 96% used [0x0000000080000000,0x00000000840b1298,0x0000000084300000)
 Metaspace       used 61993K, committed 63488K, reserved 1114112K
  class space    used 6544K, committed 7168K, reserved 1048576K
}
Event: 43.633 GC heap after
{Heap after GC invocations=65 (full 3):
 PSYoungGen      total 15872K, used 1396K [0x00000000d5580000, 0x00000000d6680000, 0x0000000100000000)
  eden space 14336K, 0% used [0x00000000d5580000,0x00000000d5580000,0x00000000d6380000)
  from space 1536K, 90% used [0x00000000d6500000,0x00000000d665d1d0,0x00000000d6680000)
  to   space 1536K, 0% used [0x00000000d6380000,0x00000000d6380000,0x00000000d6500000)
 ParOldGen       total 68608K, used 67085K [0x0000000080000000, 0x0000000084300000, 0x00000000d5580000)
  object space 68608K, 97% used [0x0000000080000000,0x0000000084183678,0x0000000084300000)
 Metaspace       used 61993K, committed 63488K, reserved 1114112K
  class space    used 6544K, committed 7168K, reserved 1048576K
}
Event: 44.077 GC heap before
{Heap before GC invocations=66 (full 3):
 PSYoungGen      total 15872K, used 15732K [0x00000000d5580000, 0x00000000d6680000, 0x0000000100000000)
  eden space 14336K, 99% used [0x00000000d5580000,0x00000000d637ffe8,0x00000000d6380000)
  from space 1536K, 90% used [0x00000000d6500000,0x00000000d665d1d0,0x00000000d6680000)
  to   space 1536K, 0% used [0x00000000d6380000,0x00000000d6380000,0x00000000d6500000)
 ParOldGen       total 68608K, used 67085K [0x0000000080000000, 0x0000000084300000, 0x00000000d5580000)
  object space 68608K, 97% used [0x0000000080000000,0x0000000084183678,0x0000000084300000)
 Metaspace       used 62605K, committed 64128K, reserved 1114112K
  class space    used 6591K, committed 7232K, reserved 1048576K
}
Event: 44.086 GC heap after
{Heap after GC invocations=66 (full 3):
 PSYoungGen      total 15872K, used 1520K [0x00000000d5580000, 0x00000000d6b80000, 0x0000000100000000)
  eden space 14336K, 0% used [0x00000000d5580000,0x00000000d5580000,0x00000000d6380000)
  from space 1536K, 98% used [0x00000000d6380000,0x00000000d64fc010,0x00000000d6500000)
  to   space 4096K, 0% used [0x00000000d6780000,0x00000000d6780000,0x00000000d6b80000)
 ParOldGen       total 69120K, used 68842K [0x0000000080000000, 0x0000000084380000, 0x00000000d5580000)
  object space 69120K, 99% used [0x0000000080000000,0x000000008433abd8,0x0000000084380000)
 Metaspace       used 62605K, committed 64128K, reserved 1114112K
  class space    used 6591K, committed 7232K, reserved 1048576K
}
Event: 45.415 GC heap before
{Heap before GC invocations=67 (full 3):
 PSYoungGen      total 15872K, used 15856K [0x00000000d5580000, 0x00000000d6b80000, 0x0000000100000000)
  eden space 14336K, 100% used [0x00000000d5580000,0x00000000d6380000,0x00000000d6380000)
  from space 1536K, 98% used [0x00000000d6380000,0x00000000d64fc010,0x00000000d6500000)
  to   space 4096K, 0% used [0x00000000d6780000,0x00000000d6780000,0x00000000d6b80000)
 ParOldGen       total 69120K, used 68842K [0x0000000080000000, 0x0000000084380000, 0x00000000d5580000)
  object space 69120K, 99% used [0x0000000080000000,0x000000008433abd8,0x0000000084380000)
 Metaspace       used 62712K, committed 64192K, reserved 1114112K
  class space    used 6591K, committed 7232K, reserved 1048576K
}
Event: 45.418 GC heap after
{Heap after GC invocations=67 (full 3):
 PSYoungGen      total 15360K, used 640K [0x00000000d5580000, 0x00000000d6880000, 0x0000000100000000)
  eden space 14336K, 0% used [0x00000000d5580000,0x00000000d5580000,0x00000000d6380000)
  from space 1024K, 62% used [0x00000000d6780000,0x00000000d6820000,0x00000000d6880000)
  to   space 2048K, 0% used [0x00000000d6480000,0x00000000d6480000,0x00000000d6680000)
 ParOldGen       total 70656K, used 70357K [0x0000000080000000, 0x0000000084500000, 0x00000000d5580000)
  object space 70656K, 99% used [0x0000000080000000,0x00000000844b56b0,0x0000000084500000)
 Metaspace       used 62712K, committed 64192K, reserved 1114112K
  class space    used 6591K, committed 7232K, reserved 1048576K
}
Event: 46.473 GC heap before
{Heap before GC invocations=68 (full 3):
 PSYoungGen      total 15360K, used 14976K [0x00000000d5580000, 0x00000000d6880000, 0x0000000100000000)
  eden space 14336K, 100% used [0x00000000d5580000,0x00000000d6380000,0x00000000d6380000)
  from space 1024K, 62% used [0x00000000d6780000,0x00000000d6820000,0x00000000d6880000)
  to   space 2048K, 0% used [0x00000000d6480000,0x00000000d6480000,0x00000000d6680000)
 ParOldGen       total 70656K, used 70357K [0x0000000080000000, 0x0000000084500000, 0x00000000d5580000)
  object space 70656K, 99% used [0x0000000080000000,0x00000000844b56b0,0x0000000084500000)
 Metaspace       used 62714K, committed 64192K, reserved 1114112K
  class space    used 6591K, committed 7232K, reserved 1048576K
}
Event: 46.474 GC heap after
{Heap after GC invocations=68 (full 3):
 PSYoungGen      total 16384K, used 96K [0x00000000d5580000, 0x00000000d6800000, 0x0000000100000000)
  eden space 14336K, 0% used [0x00000000d5580000,0x00000000d5580000,0x00000000d6380000)
  from space 2048K, 4% used [0x00000000d6480000,0x00000000d6498000,0x00000000d6680000)
  to   space 512K, 0% used [0x00000000d6780000,0x00000000d6780000,0x00000000d6800000)
 ParOldGen       total 71168K, used 70966K [0x0000000080000000, 0x0000000084580000, 0x00000000d5580000)
  object space 71168K, 99% used [0x0000000080000000,0x000000008454d9c0,0x0000000084580000)
 Metaspace       used 62714K, committed 64192K, reserved 1114112K
  class space    used 6591K, committed 7232K, reserved 1048576K
}
Event: 47.712 GC heap before
{Heap before GC invocations=69 (full 3):
 PSYoungGen      total 16384K, used 14432K [0x00000000d5580000, 0x00000000d6800000, 0x0000000100000000)
  eden space 14336K, 100% used [0x00000000d5580000,0x00000000d6380000,0x00000000d6380000)
  from space 2048K, 4% used [0x00000000d6480000,0x00000000d6498000,0x00000000d6680000)
  to   space 512K, 0% used [0x00000000d6780000,0x00000000d6780000,0x00000000d6800000)
 ParOldGen       total 71168K, used 70966K [0x0000000080000000, 0x0000000084580000, 0x00000000d5580000)
  object space 71168K, 99% used [0x0000000080000000,0x000000008454d9c0,0x0000000084580000)
 Metaspace       used 62715K, committed 64192K, reserved 1114112K
  class space    used 6591K, committed 7232K, reserved 1048576K
}
Event: 47.713 GC heap after
{Heap after GC invocations=69 (full 3):
 PSYoungGen      total 14848K, used 128K [0x00000000d5580000, 0x00000000d6800000, 0x0000000100000000)
  eden space 14336K, 0% used [0x00000000d5580000,0x00000000d5580000,0x00000000d6380000)
  from space 512K, 25% used [0x00000000d6780000,0x00000000d67a0000,0x00000000d6800000)
  to   space 512K, 0% used [0x00000000d6700000,0x00000000d6700000,0x00000000d6780000)
 ParOldGen       total 71168K, used 70982K [0x0000000080000000, 0x0000000084580000, 0x00000000d5580000)
  object space 71168K, 99% used [0x0000000080000000,0x00000000845519c0,0x0000000084580000)
 Metaspace       used 62715K, committed 64192K, reserved 1114112K
  class space    used 6591K, committed 7232K, reserved 1048576K
}
Event: 49.040 GC heap before
{Heap before GC invocations=70 (full 3):
 PSYoungGen      total 14848K, used 14464K [0x00000000d5580000, 0x00000000d6800000, 0x0000000100000000)
  eden space 14336K, 100% used [0x00000000d5580000,0x00000000d6380000,0x00000000d6380000)
  from space 512K, 25% used [0x00000000d6780000,0x00000000d67a0000,0x00000000d6800000)
  to   space 512K, 0% used [0x00000000d6700000,0x00000000d6700000,0x00000000d6780000)
 ParOldGen       total 71168K, used 70982K [0x0000000080000000, 0x0000000084580000, 0x00000000d5580000)
  object space 71168K, 99% used [0x0000000080000000,0x00000000845519c0,0x0000000084580000)
 Metaspace       used 62748K, committed 64256K, reserved 1114112K
  class space    used 6596K, committed 7232K, reserved 1048576K
}
Event: 49.042 GC heap after
{Heap after GC invocations=70 (full 3):
 PSYoungGen      total 14848K, used 128K [0x00000000d5580000, 0x00000000d6800000, 0x0000000100000000)
  eden space 14336K, 0% used [0x00000000d5580000,0x00000000d5580000,0x00000000d6380000)
  from space 512K, 25% used [0x00000000d6700000,0x00000000d6720000,0x00000000d6780000)
  to   space 512K, 0% used [0x00000000d6780000,0x00000000d6780000,0x00000000d6800000)
 ParOldGen       total 71168K, used 70998K [0x0000000080000000, 0x0000000084580000, 0x00000000d5580000)
  object space 71168K, 99% used [0x0000000080000000,0x00000000845559c0,0x0000000084580000)
 Metaspace       used 62748K, committed 64256K, reserved 1114112K
  class space    used 6596K, committed 7232K, reserved 1048576K
}
Event: 50.481 GC heap before
{Heap before GC invocations=71 (full 3):
 PSYoungGen      total 14848K, used 14464K [0x00000000d5580000, 0x00000000d6800000, 0x0000000100000000)
  eden space 14336K, 100% used [0x00000000d5580000,0x00000000d6380000,0x00000000d6380000)
  from space 512K, 25% used [0x00000000d6700000,0x00000000d6720000,0x00000000d6780000)
  to   space 512K, 0% used [0x00000000d6780000,0x00000000d6780000,0x00000000d6800000)
 ParOldGen       total 71168K, used 70998K [0x0000000080000000, 0x0000000084580000, 0x00000000d5580000)
  object space 71168K, 99% used [0x0000000080000000,0x00000000845559c0,0x0000000084580000)
 Metaspace       used 63293K, committed 64896K, reserved 1114112K
  class space    used 6656K, committed 7296K, reserved 1048576K
}
Event: 50.483 GC heap after
{Heap after GC invocations=71 (full 3):
 PSYoungGen      total 14848K, used 504K [0x00000000d5580000, 0x00000000d6800000, 0x0000000100000000)
  eden space 14336K, 0% used [0x00000000d5580000,0x00000000d5580000,0x00000000d6380000)
  from space 512K, 98% used [0x00000000d6780000,0x00000000d67fe1a8,0x00000000d6800000)
  to   space 1024K, 0% used [0x00000000d6600000,0x00000000d6600000,0x00000000d6700000)
 ParOldGen       total 71680K, used 71360K [0x0000000080000000, 0x0000000084600000, 0x00000000d5580000)
  object space 71680K, 99% used [0x0000000080000000,0x00000000845b00b0,0x0000000084600000)
 Metaspace       used 63293K, committed 64896K, reserved 1114112K
  class space    used 6656K, committed 7296K, reserved 1048576K
}
Event: 52.900 GC heap before
{Heap before GC invocations=72 (full 3):
 PSYoungGen      total 14848K, used 14804K [0x00000000d5580000, 0x00000000d6800000, 0x0000000100000000)
  eden space 14336K, 99% used [0x00000000d5580000,0x00000000d6377128,0x00000000d6380000)
  from space 512K, 98% used [0x00000000d6780000,0x00000000d67fe1a8,0x00000000d6800000)
  to   space 1024K, 0% used [0x00000000d6600000,0x00000000d6600000,0x00000000d6700000)
 ParOldGen       total 71680K, used 71360K [0x0000000080000000, 0x0000000084600000, 0x00000000d5580000)
  object space 71680K, 99% used [0x0000000080000000,0x00000000845b00b0,0x0000000084600000)
 Metaspace       used 63601K, committed 65152K, reserved 1114112K
  class space    used 6676K, committed 7296K, reserved 1048576K
}
Event: 52.929 GC heap after
{Heap after GC invocations=72 (full 3):
 PSYoungGen      total 15360K, used 1022K [0x00000000d5580000, 0x00000000d6800000, 0x0000000100000000)
  eden space 14336K, 0% used [0x00000000d5580000,0x00000000d5580000,0x00000000d6380000)
  from space 1024K, 99% used [0x00000000d6600000,0x00000000d66ffab8,0x00000000d6700000)
  to   space 512K, 0% used [0x00000000d6780000,0x00000000d6780000,0x00000000d6800000)
 ParOldGen       total 79872K, used 79702K [0x0000000080000000, 0x0000000084e00000, 0x00000000d5580000)
  object space 79872K, 99% used [0x0000000080000000,0x0000000084dd5860,0x0000000084e00000)
 Metaspace       used 63601K, committed 65152K, reserved 1114112K
  class space    used 6676K, committed 7296K, reserved 1048576K
}

