# JRE version: OpenJDK Runtime Environment Temurin-21.0.8+9 (21.0.8+9) (build 21.0.8+9-LTS)
# Java VM: OpenJDK 64-Bit Server VM Temurin-21.0.8+9 (21.0.8+9-LTS, mixed mode, sharing, tiered, compressed oops, compressed class ptrs, parallel gc, windows-amd64)
GC Precious Log:
 CardTable entry size: 512
 CPUs: 4 total, 4 available
 Memory: 7967M
 Large Page Support: Disabled
 NUMA Support: Disabled
 Compressed Oops: Enabled (32-bit)
 Alignments: Space 512K, Generation 512K, Heap 2M
 Heap Min Capacity: 100M
 Heap Initial Capacity: 100M
 Heap Max Capacity: 2G
 Pre-touch: Disabled
 Parallel Workers: 4
Heap:
 PSYoungGen      total 14848K, used 5133K [0x00000000d5580000, 0x00000000d6600000, 0x0000000100000000)
  eden space 14336K, 32% used [0x00000000d5580000,0x00000000d5a0a2b8,0x00000000d6380000)
  from space 512K, 94% used [0x00000000d6580000,0x00000000d65f9460,0x00000000d6600000)
  to   space 1024K, 0% used [0x00000000d6400000,0x00000000d6400000,0x00000000d6500000)
 ParOldGen       total 79872K, used 79420K [0x0000000080000000, 0x0000000084e00000, 0x00000000d5580000)
  object space 79872K, 99% used [0x0000000080000000,0x0000000084d8f078,0x0000000084e00000)
 Metaspace       used 66229K, committed 67840K, reserved 1114112K
  class space    used 6956K, committed 7616K, reserved 1048576K
GC Heap History (20 events):
Event: 78.088 GC heap before
{Heap before GC invocations=90 (full 3):
 PSYoungGen      total 16896K, used 16675K [0x00000000d5580000, 0x00000000d6980000, 0x0000000100000000)
  eden space 14336K, 100% used [0x00000000d5580000,0x00000000d6380000,0x00000000d6380000)
  from space 2560K, 91% used [0x00000000d6700000,0x00000000d6948f38,0x00000000d6980000)
  to   space 2560K, 0% used [0x00000000d6480000,0x00000000d6480000,0x00000000d6700000)
 ParOldGen       total 69632K, used 69307K [0x0000000080000000, 0x0000000084400000, 0x00000000d5580000)
  object space 69632K, 99% used [0x0000000080000000,0x00000000843aeee8,0x0000000084400000)
 Metaspace       used 64248K, committed 65792K, reserved 1114112K
  class space    used 6772K, committed 7424K, reserved 1048576K
}
Event: 78.091 GC heap after
{Heap after GC invocations=90 (full 3):
 PSYoungGen      total 16384K, used 1622K [0x00000000d5580000, 0x00000000d6780000, 0x0000000100000000)
  eden space 14336K, 0% used [0x00000000d5580000,0x00000000d5580000,0x00000000d6380000)
  from space 2048K, 79% used [0x00000000d6480000,0x00000000d6615808,0x00000000d6680000)
  to   space 1024K, 0% used [0x00000000d6680000,0x00000000d6680000,0x00000000d6780000)
 ParOldGen       total 71168K, used 70895K [0x0000000080000000, 0x0000000084580000, 0x00000000d5580000)
  object space 71168K, 99% used [0x0000000080000000,0x000000008453bef0,0x0000000084580000)
 Metaspace       used 64248K, committed 65792K, reserved 1114112K
  class space    used 6772K, committed 7424K, reserved 1048576K
}
Event: 78.914 GC heap before
{Heap before GC invocations=91 (full 3):
 PSYoungGen      total 16384K, used 15958K [0x00000000d5580000, 0x00000000d6780000, 0x0000000100000000)
  eden space 14336K, 100% used [0x00000000d5580000,0x00000000d6380000,0x00000000d6380000)
  from space 2048K, 79% used [0x00000000d6480000,0x00000000d6615808,0x00000000d6680000)
  to   space 1024K, 0% used [0x00000000d6680000,0x00000000d6680000,0x00000000d6780000)
 ParOldGen       total 71168K, used 70895K [0x0000000080000000, 0x0000000084580000, 0x00000000d5580000)
  object space 71168K, 99% used [0x0000000080000000,0x000000008453bef0,0x0000000084580000)
 Metaspace       used 64359K, committed 65856K, reserved 1114112K
  class space    used 6786K, committed 7424K, reserved 1048576K
}
Event: 78.917 GC heap after
{Heap after GC invocations=91 (full 3):
 PSYoungGen      total 14848K, used 480K [0x00000000d5580000, 0x00000000d6700000, 0x0000000100000000)
  eden space 14336K, 0% used [0x00000000d5580000,0x00000000d5580000,0x00000000d6380000)
  from space 512K, 93% used [0x00000000d6680000,0x00000000d66f8000,0x00000000d6700000)
  to   space 1024K, 0% used [0x00000000d6500000,0x00000000d6500000,0x00000000d6600000)
 ParOldGen       total 71168K, used 71167K [0x0000000080000000, 0x0000000084580000, 0x00000000d5580000)
  object space 71168K, 99% used [0x0000000080000000,0x000000008457fef0,0x0000000084580000)
 Metaspace       used 64359K, committed 65856K, reserved 1114112K
  class space    used 6786K, committed 7424K, reserved 1048576K
}
Event: 80.310 GC heap before
{Heap before GC invocations=92 (full 3):
 PSYoungGen      total 14848K, used 14816K [0x00000000d5580000, 0x00000000d6700000, 0x0000000100000000)
  eden space 14336K, 100% used [0x00000000d5580000,0x00000000d6380000,0x00000000d6380000)
  from space 512K, 93% used [0x00000000d6680000,0x00000000d66f8000,0x00000000d6700000)
  to   space 1024K, 0% used [0x00000000d6500000,0x00000000d6500000,0x00000000d6600000)
 ParOldGen       total 71168K, used 71167K [0x0000000080000000, 0x0000000084580000, 0x00000000d5580000)
  object space 71168K, 99% used [0x0000000080000000,0x000000008457fef0,0x0000000084580000)
 Metaspace       used 64381K, committed 65920K, reserved 1114112K
  class space    used 6787K, committed 7424K, reserved 1048576K
}
Event: 80.312 GC heap after
{Heap after GC invocations=92 (full 3):
 PSYoungGen      total 15360K, used 1024K [0x00000000d5580000, 0x00000000d6980000, 0x0000000100000000)
  eden space 14336K, 0% used [0x00000000d5580000,0x00000000d5580000,0x00000000d6380000)
  from space 1024K, 100% used [0x00000000d6500000,0x00000000d6600000,0x00000000d6600000)
  to   space 3072K, 0% used [0x00000000d6680000,0x00000000d6680000,0x00000000d6980000)
 ParOldGen       total 72704K, used 72472K [0x0000000080000000, 0x0000000084700000, 0x00000000d5580000)
  object space 72704K, 99% used [0x0000000080000000,0x00000000846c63e0,0x0000000084700000)
 Metaspace       used 64381K, committed 65920K, reserved 1114112K
  class space    used 6787K, committed 7424K, reserved 1048576K
}
Event: 81.896 GC heap before
{Heap before GC invocations=93 (full 3):
 PSYoungGen      total 15360K, used 15360K [0x00000000d5580000, 0x00000000d6980000, 0x0000000100000000)
  eden space 14336K, 100% used [0x00000000d5580000,0x00000000d6380000,0x00000000d6380000)
  from space 1024K, 100% used [0x00000000d6500000,0x00000000d6600000,0x00000000d6600000)
  to   space 3072K, 0% used [0x00000000d6680000,0x00000000d6680000,0x00000000d6980000)
 ParOldGen       total 72704K, used 72472K [0x0000000080000000, 0x0000000084700000, 0x00000000d5580000)
  object space 72704K, 99% used [0x0000000080000000,0x00000000846c63e0,0x0000000084700000)
 Metaspace       used 64420K, committed 65920K, reserved 1114112K
  class space    used 6788K, committed 7424K, reserved 1048576K
}
Event: 81.902 GC heap after
{Heap after GC invocations=93 (full 3):
 PSYoungGen      total 15872K, used 1536K [0x00000000d5580000, 0x00000000d6800000, 0x0000000100000000)
  eden space 14336K, 0% used [0x00000000d5580000,0x00000000d5580000,0x00000000d6380000)
  from space 1536K, 100% used [0x00000000d6680000,0x00000000d6800000,0x00000000d6800000)
  to   space 2048K, 0% used [0x00000000d6400000,0x00000000d6400000,0x00000000d6600000)
 ParOldGen       total 73728K, used 73465K [0x0000000080000000, 0x0000000084800000, 0x00000000d5580000)
  object space 73728K, 99% used [0x0000000080000000,0x00000000847be7e8,0x0000000084800000)
 Metaspace       used 64420K, committed 65920K, reserved 1114112K
  class space    used 6788K, committed 7424K, reserved 1048576K
}
Event: 82.334 GC heap before
{Heap before GC invocations=94 (full 3):
 PSYoungGen      total 15872K, used 15872K [0x00000000d5580000, 0x00000000d6800000, 0x0000000100000000)
  eden space 14336K, 100% used [0x00000000d5580000,0x00000000d6380000,0x00000000d6380000)
  from space 1536K, 100% used [0x00000000d6680000,0x00000000d6800000,0x00000000d6800000)
  to   space 2048K, 0% used [0x00000000d6400000,0x00000000d6400000,0x00000000d6600000)
 ParOldGen       total 73728K, used 73465K [0x0000000080000000, 0x0000000084800000, 0x00000000d5580000)
  object space 73728K, 99% used [0x0000000080000000,0x00000000847be7e8,0x0000000084800000)
 Metaspace       used 64473K, committed 65984K, reserved 1114112K
  class space    used 6794K, committed 7424K, reserved 1048576K
}
Event: 82.339 GC heap after
{Heap after GC invocations=94 (full 3):
 PSYoungGen      total 15872K, used 1516K [0x00000000d5580000, 0x00000000d6780000, 0x0000000100000000)
  eden space 14336K, 0% used [0x00000000d5580000,0x00000000d5580000,0x00000000d6380000)
  from space 1536K, 98% used [0x00000000d6400000,0x00000000d657b008,0x00000000d6580000)
  to   space 2048K, 0% used [0x00000000d6580000,0x00000000d6580000,0x00000000d6780000)
 ParOldGen       total 75264K, used 74905K [0x0000000080000000, 0x0000000084980000, 0x00000000d5580000)
  object space 75264K, 99% used [0x0000000080000000,0x00000000849267e8,0x0000000084980000)
 Metaspace       used 64473K, committed 65984K, reserved 1114112K
  class space    used 6794K, committed 7424K, reserved 1048576K
}
Event: 87.891 GC heap before
{Heap before GC invocations=95 (full 3):
 PSYoungGen      total 15872K, used 15852K [0x00000000d5580000, 0x00000000d6780000, 0x0000000100000000)
  eden space 14336K, 100% used [0x00000000d5580000,0x00000000d6380000,0x00000000d6380000)
  from space 1536K, 98% used [0x00000000d6400000,0x00000000d657b008,0x00000000d6580000)
  to   space 2048K, 0% used [0x00000000d6580000,0x00000000d6580000,0x00000000d6780000)
 ParOldGen       total 75264K, used 74905K [0x0000000080000000, 0x0000000084980000, 0x00000000d5580000)
  object space 75264K, 99% used [0x0000000080000000,0x00000000849267e8,0x0000000084980000)
 Metaspace       used 65144K, committed 66688K, reserved 1114112K
  class space    used 6882K, committed 7552K, reserved 1048576K
}
Event: 87.897 GC heap after
{Heap after GC invocations=95 (full 3):
 PSYoungGen      total 16384K, used 1693K [0x00000000d5580000, 0x00000000d6780000, 0x0000000100000000)
  eden space 14336K, 0% used [0x00000000d5580000,0x00000000d5580000,0x00000000d6380000)
  from space 2048K, 82% used [0x00000000d6580000,0x00000000d6727440,0x00000000d6780000)
  to   space 2048K, 0% used [0x00000000d6380000,0x00000000d6380000,0x00000000d6580000)
 ParOldGen       total 76288K, used 76082K [0x0000000080000000, 0x0000000084a80000, 0x00000000d5580000)
  object space 76288K, 99% used [0x0000000080000000,0x0000000084a4c800,0x0000000084a80000)
 Metaspace       used 65144K, committed 66688K, reserved 1114112K
  class space    used 6882K, committed 7552K, reserved 1048576K
}
Event: 89.537 GC heap before
{Heap before GC invocations=96 (full 3):
 PSYoungGen      total 16384K, used 15901K [0x00000000d5580000, 0x00000000d6780000, 0x0000000100000000)
  eden space 14336K, 99% used [0x00000000d5580000,0x00000000d6360180,0x00000000d6380000)
  from space 2048K, 82% used [0x00000000d6580000,0x00000000d6727440,0x00000000d6780000)
  to   space 2048K, 0% used [0x00000000d6380000,0x00000000d6380000,0x00000000d6580000)
 ParOldGen       total 76288K, used 76082K [0x0000000080000000, 0x0000000084a80000, 0x00000000d5580000)
  object space 76288K, 99% used [0x0000000080000000,0x0000000084a4c800,0x0000000084a80000)
 Metaspace       used 65694K, committed 67264K, reserved 1114112K
  class space    used 6910K, committed 7552K, reserved 1048576K
}
Event: 89.542 GC heap after
{Heap after GC invocations=96 (full 3):
 PSYoungGen      total 16384K, used 1831K [0x00000000d5580000, 0x00000000d6780000, 0x0000000100000000)
  eden space 14336K, 0% used [0x00000000d5580000,0x00000000d5580000,0x00000000d6380000)
  from space 2048K, 89% used [0x00000000d6380000,0x00000000d6549ce0,0x00000000d6580000)
  to   space 2048K, 0% used [0x00000000d6580000,0x00000000d6580000,0x00000000d6780000)
 ParOldGen       total 77824K, used 77678K [0x0000000080000000, 0x0000000084c00000, 0x00000000d5580000)
  object space 77824K, 99% used [0x0000000080000000,0x0000000084bdb880,0x0000000084c00000)
 Metaspace       used 65694K, committed 67264K, reserved 1114112K
  class space    used 6910K, committed 7552K, reserved 1048576K
}
Event: 90.369 GC heap before
{Heap before GC invocations=97 (full 3):
 PSYoungGen      total 16384K, used 16166K [0x00000000d5580000, 0x00000000d6780000, 0x0000000100000000)
  eden space 14336K, 99% used [0x00000000d5580000,0x00000000d637fdc8,0x00000000d6380000)
  from space 2048K, 89% used [0x00000000d6380000,0x00000000d6549ce0,0x00000000d6580000)
  to   space 2048K, 0% used [0x00000000d6580000,0x00000000d6580000,0x00000000d6780000)
 ParOldGen       total 77824K, used 77678K [0x0000000080000000, 0x0000000084c00000, 0x00000000d5580000)
  object space 77824K, 99% used [0x0000000080000000,0x0000000084bdb880,0x0000000084c00000)
 Metaspace       used 65699K, committed 67264K, reserved 1114112K
  class space    used 6910K, committed 7552K, reserved 1048576K
}
Event: 90.373 GC heap after
{Heap after GC invocations=97 (full 3):
 PSYoungGen      total 14848K, used 303K [0x00000000d5580000, 0x00000000d6600000, 0x0000000100000000)
  eden space 14336K, 0% used [0x00000000d5580000,0x00000000d5580000,0x00000000d6380000)
  from space 512K, 59% used [0x00000000d6580000,0x00000000d65cbcc8,0x00000000d6600000)
  to   space 1024K, 0% used [0x00000000d6400000,0x00000000d6400000,0x00000000d6500000)
 ParOldGen       total 79360K, used 79332K [0x0000000080000000, 0x0000000084d80000, 0x00000000d5580000)
  object space 79360K, 99% used [0x0000000080000000,0x0000000084d79078,0x0000000084d80000)
 Metaspace       used 65699K, committed 67264K, reserved 1114112K
  class space    used 6910K, committed 7552K, reserved 1048576K
}
Event: 91.848 GC heap before
{Heap before GC invocations=98 (full 3):
 PSYoungGen      total 14848K, used 14639K [0x00000000d5580000, 0x00000000d6600000, 0x0000000100000000)
  eden space 14336K, 100% used [0x00000000d5580000,0x00000000d6380000,0x00000000d6380000)
  from space 512K, 59% used [0x00000000d6580000,0x00000000d65cbcc8,0x00000000d6600000)
  to   space 1024K, 0% used [0x00000000d6400000,0x00000000d6400000,0x00000000d6500000)
 ParOldGen       total 79360K, used 79332K [0x0000000080000000, 0x0000000084d80000, 0x00000000d5580000)
  object space 79360K, 99% used [0x0000000080000000,0x0000000084d79078,0x0000000084d80000)
 Metaspace       used 65718K, committed 67328K, reserved 1114112K
  class space    used 6910K, committed 7552K, reserved 1048576K
}
Event: 91.849 GC heap after
{Heap after GC invocations=98 (full 3):
 PSYoungGen      total 15360K, used 96K [0x00000000d5580000, 0x00000000d6600000, 0x0000000100000000)
  eden space 14336K, 0% used [0x00000000d5580000,0x00000000d5580000,0x00000000d6380000)
  from space 1024K, 9% used [0x00000000d6400000,0x00000000d6418000,0x00000000d6500000)
  to   space 512K, 0% used [0x00000000d6580000,0x00000000d6580000,0x00000000d6600000)
 ParOldGen       total 79872K, used 79364K [0x0000000080000000, 0x0000000084e00000, 0x00000000d5580000)
  object space 79872K, 99% used [0x0000000080000000,0x0000000084d81078,0x0000000084e00000)
 Metaspace       used 65718K, committed 67328K, reserved 1114112K
  class space    used 6910K, committed 7552K, reserved 1048576K
}
Event: 93.498 GC heap before
{Heap before GC invocations=99 (full 3):
 PSYoungGen      total 15360K, used 14432K [0x00000000d5580000, 0x00000000d6600000, 0x0000000100000000)
  eden space 14336K, 100% used [0x00000000d5580000,0x00000000d6380000,0x00000000d6380000)
  from space 1024K, 9% used [0x00000000d6400000,0x00000000d6418000,0x00000000d6500000)
  to   space 512K, 0% used [0x00000000d6580000,0x00000000d6580000,0x00000000d6600000)
 ParOldGen       total 79872K, used 79364K [0x0000000080000000, 0x0000000084e00000, 0x00000000d5580000)
  object space 79872K, 99% used [0x0000000080000000,0x0000000084d81078,0x0000000084e00000)
 Metaspace       used 66065K, committed 67584K, reserved 1114112K
  class space    used 6945K, committed 7552K, reserved 1048576K
}
Event: 93.499 GC heap after
{Heap after GC invocations=99 (full 3):
 PSYoungGen      total 14848K, used 485K [0x00000000d5580000, 0x00000000d6600000, 0x0000000100000000)
  eden space 14336K, 0% used [0x00000000d5580000,0x00000000d5580000,0x00000000d6380000)
  from space 512K, 94% used [0x00000000d6580000,0x00000000d65f9460,0x00000000d6600000)
  to   space 1024K, 0% used [0x00000000d6400000,0x00000000d6400000,0x00000000d6500000)
 ParOldGen       total 79872K, used 79420K [0x0000000080000000, 0x0000000084e00000, 0x00000000d5580000)
  object space 79872K, 99% used [0x0000000080000000,0x0000000084d8f078,0x0000000084e00000)
 Metaspace       used 66065K, committed 67584K, reserved 1114112K
  class space    used 6945K, committed 7552K, reserved 1048576K
}

